UnityProject/TFMarcore/androidBuild/unityLibrary/build/intermediates/manifest_merge_blame_file/debug/manifest-merger-blame-debug-report.txt
1<?xml version="1.0" encoding="utf-8"?>
2<manifest xmlns:android="http://schemas.android.com/apk/res/android"
3    xmlns:tools="http://schemas.android.com/tools"
4    package="com.unity3d.player"
5    android:versionCode="1"
6    android:versionName="0.1" >
7
8    <uses-sdk
9        android:minSdkVersion="26"
9-->src\main\AndroidManifest.xml
10        android:targetSdkVersion="28" />
10-->src\main\AndroidManifest.xml
11
12    <uses-feature android:glEsVersion="0x00030000" />
12-->src\main\AndroidManifest.xml:26:3-52
12-->src\main\AndroidManifest.xml:26:17-49
13
14    <uses-permission android:name="android.permission.CAMERA" />
14-->src\main\AndroidManifest.xml:27:3-63
14-->src\main\AndroidManifest.xml:27:20-60
15    <uses-permission android:name="android.permission.INTERNET" />
15-->src\main\AndroidManifest.xml:28:3-65
15-->src\main\AndroidManifest.xml:28:20-62
16    <uses-permission android:name="android.permission.CHANGE_WIFI_MULTICAST_STATE" />
16-->src\main\AndroidManifest.xml:29:3-84
16-->src\main\AndroidManifest.xml:29:20-81
17
18    <uses-feature
18-->src\main\AndroidManifest.xml:30:3-88
19        android:name="android.hardware.touchscreen"
19-->src\main\AndroidManifest.xml:30:17-60
20        android:required="false" />
20-->src\main\AndroidManifest.xml:30:61-85
21    <uses-feature
21-->src\main\AndroidManifest.xml:31:3-99
22        android:name="android.hardware.touchscreen.multitouch"
22-->src\main\AndroidManifest.xml:31:17-71
23        android:required="false" />
23-->src\main\AndroidManifest.xml:31:72-96
24    <uses-feature
24-->src\main\AndroidManifest.xml:32:3-108
25        android:name="android.hardware.touchscreen.multitouch.distinct"
25-->src\main\AndroidManifest.xml:32:17-80
26        android:required="false" />
26-->src\main\AndroidManifest.xml:32:81-105
27
28    <application>
28-->src\main\AndroidManifest.xml:3:3-25:17
29        <activity
29-->src\main\AndroidManifest.xml:4:5-18:16
30            android:name="com.unity3d.player.UnityPlayerActivity"
30-->src\main\AndroidManifest.xml:5:9-62
31            android:configChanges="mcc|mnc|locale|touchscreen|keyboard|keyboardHidden|navigation|orientation|screenLayout|uiMode|screenSize|smallestScreenSize|fontScale|layoutDirection|density"
31-->src\main\AndroidManifest.xml:10:9-190
32            android:hardwareAccelerated="false"
32-->src\main\AndroidManifest.xml:11:9-44
33            android:launchMode="singleTask"
33-->src\main\AndroidManifest.xml:8:9-40
34            android:process=":unityplayer"
34-->src\main\AndroidManifest.xml:9:9-39
35            android:screenOrientation="fullSensor"
35-->src\main\AndroidManifest.xml:7:9-47
36            android:theme="@style/UnityThemeSelector" >
36-->src\main\AndroidManifest.xml:6:9-50
37
38            <!-- <intent-filter> -->
39            <!-- <action android:name="android.intent.action.MAIN" /> -->
40            <!-- <category android:name="android.intent.category.LAUNCHER" /> -->
41            <!-- </intent-filter> -->
42            <meta-data
42-->src\main\AndroidManifest.xml:16:7-82
43                android:name="unityplayer.UnityActivity"
43-->src\main\AndroidManifest.xml:16:18-58
44                android:value="true" />
44-->src\main\AndroidManifest.xml:16:59-79
45            <meta-data
45-->src\main\AndroidManifest.xml:17:7-78
46                android:name="android.notch_support"
46-->src\main\AndroidManifest.xml:17:18-54
47                android:value="true" />
47-->src\main\AndroidManifest.xml:17:55-75
48        </activity>
49
50        <meta-data
50-->src\main\AndroidManifest.xml:19:5-73
51            android:name="unity.tango-enable"
51-->src\main\AndroidManifest.xml:19:16-49
52            android:value="True" />
52-->src\main\AndroidManifest.xml:19:50-70
53        <meta-data
53-->src\main\AndroidManifest.xml:20:5-88
54            android:name="unityplayer.SkipPermissionsDialog"
54-->src\main\AndroidManifest.xml:20:16-64
55            android:value="true" />
55-->src\main\AndroidManifest.xml:20:65-85
56        <meta-data
56-->src\main\AndroidManifest.xml:21:5-69
57            android:name="unity.splash-mode"
57-->src\main\AndroidManifest.xml:21:16-48
58            android:value="0" />
58-->src\main\AndroidManifest.xml:21:49-66
59        <meta-data
59-->src\main\AndroidManifest.xml:22:5-74
60            android:name="unity.splash-enable"
60-->src\main\AndroidManifest.xml:22:16-50
61            android:value="True" />
61-->src\main\AndroidManifest.xml:22:51-71
62        <meta-data
62-->src\main\AndroidManifest.xml:23:5-81
63            android:name="notch.config"
63-->src\main\AndroidManifest.xml:23:16-43
64            android:value="portrait|landscape" />
64-->src\main\AndroidManifest.xml:23:44-78
65        <meta-data
65-->src\main\AndroidManifest.xml:24:5-101
66            android:name="unity.build-id"
66-->src\main\AndroidManifest.xml:24:16-45
67            android:value="81f1b40d-b5a0-4eef-88bc-04a13f347dea" />
67-->src\main\AndroidManifest.xml:24:46-98
68    </application>
69
70</manifest>